<?xml version="1.0" encoding="utf-8"?><testsuites name="pytest tests"><testsuite name="pytest" errors="2" failures="0" skipped="0" tests="2" time="0.406" timestamp="2025-10-18T06:25:28.914128-04:00" hostname="DESKTOP-CQ3E2PU"><testcase classname="" name="tests.unit.test_analog_modulation" time="0.000"><error message="collection failure">..\..\AppData\Local\Programs\Python\Python311\Lib\site-packages\_pytest\python.py:498: in importtestmodule
    mod = import_path(
..\..\AppData\Local\Programs\Python\Python311\Lib\site-packages\_pytest\pathlib.py:587: in import_path
    importlib.import_module(module_name)
..\..\AppData\Local\Programs\Python\Python311\Lib\importlib\__init__.py:126: in import_module
    return _bootstrap._gcd_import(name[level:], package, level)
           ^^^^^^^^^^^^^^^^^^^^^^^^^^^^^^^^^^^^^^^^^^^^^^^^^^^^
&lt;frozen importlib._bootstrap&gt;:1204: in _gcd_import
    ???
&lt;frozen importlib._bootstrap&gt;:1176: in _find_and_load
    ???
&lt;frozen importlib._bootstrap&gt;:1147: in _find_and_load_unlocked
    ???
&lt;frozen importlib._bootstrap&gt;:690: in _load_unlocked
    ???
..\..\AppData\Local\Programs\Python\Python311\Lib\site-packages\_pytest\assertion\rewrite.py:186: in exec_module
    exec(co, module.__dict__)
tests\unit\test_analog_modulation.py:16: in &lt;module&gt;
    from server.hybrid_bridge import HybridBridge, ControlVoltage
E     File "C:\Users\jim\Desktop\Chrocog\server\hybrid_bridge.py", line 163
E       def __init__(self, port: Optional[str]: Any = None, baudrate: int: Any = 115200, enable_logging: bool: Any = True) -&gt; None:
E                                             ^
E   SyntaxError: invalid syntax</error></testcase><testcase classname="" name="tests.unit.test_phi_sensor_binding" time="0.000"><error message="collection failure">ImportError while importing test module 'C:\Users\jim\Desktop\Chrocog\tests\unit\test_phi_sensor_binding.py'.
Hint: make sure your test modules/packages have valid Python names.
Traceback:
..\..\AppData\Local\Programs\Python\Python311\Lib\importlib\__init__.py:126: in import_module
    return _bootstrap._gcd_import(name[level:], package, level)
           ^^^^^^^^^^^^^^^^^^^^^^^^^^^^^^^^^^^^^^^^^^^^^^^^^^^^
tests\unit\test_phi_sensor_binding.py:21: in &lt;module&gt;
    import server.threading
E   ModuleNotFoundError: No module named 'server.threading'</error></testcase></testsuite></testsuites>